Starting time: 28.04.21-02.39

Fold: 0
Hyperopt trials
tid,loss,learning_rate,n_modules,batch_size,time,n_epochs,n_params,perf_time
0,0.023370,0.001956,1,7,15.342,59,3095,15.336967

Best parameters:{'batch_size': 9, 'embedding_size': 7, 'input_length': 14, 'learning_rate': 0.001956433080955889, 'model_type': 'ACT', 'n_classes': 13, 'n_modules': 1, 'vocab_size': 14}

Model parameters: 3095
Best Time taken: 15.336967
Brier score: 0.023563
Accuracy: 0.806261[[  36,    0,    0,    0,    0,    0,    0,    0,    0,  145,    0],
 [   0, 1430,    0,   77,    0,    0,    0,    0,    0,  129,    0],
 [   1,  453,    0,    0,    0,    0,    0,    0,    0,   33,    0],
 [   0,    1,    0, 1528,    0,    0,    0,    0,    0,    0,    0],
 [   0,   12,    0,    0,    0,    0,    0,    0,    0,    3,    0],
 [   0,    0,    0,    1,    0,    0,    0,    0,    0,    0,    0],
 [   0,    4,    0,    0,    0,    0,    0,    0,    0,    1,    0],
 [   0,    0,    0,    1,    0,    0,    0,    0,    0,    0,    0],
 [   0,    1,    0,    0,    0,    0,    0,    0,    0,    0,    0],
 [   2,  120,    0,   58,    0,    0,    0,    0,    0, 1513,    0],
 [   0,   37,    0,    1,    0,    0,    0,    0,    0,    3,    0]]

Final Brier score:  [0.023563197193097275]
Final Accuracy score:  [0.8062611806797854]
