Starting time: 28.04.21-19.07

Fold: 0
Hyperopt trials
tid,loss,learning_rate,n_modules,batch_size,time,n_epochs,n_params,perf_time
0,0.023396,0.001956,1,7,16.078,59,3095,16.076373

Best parameters:{'batch_size': 9, 'embedding_size': 7, 'input_length': 14, 'learning_rate': 0.001956433080955889, 'model_type': 'ACT', 'n_classes': 13, 'n_modules': 1, 'vocab_size': 14}

Model parameters: 3095
Best Time taken: 16.076373
Brier score: 0.023588
Accuracy: 0.805188[[1528,    0,    0,    0,    0,    0,    0,    0,    0,    0,    1],
 [  59, 1517,    0,    0,    0,    0,    0,    0,    0,    2,  115],
 [   1,    3,    0,    0,    0,    0,    0,    0,    0,    0,   37],
 [   1,    0,    0,    0,    0,    0,    0,    0,    0,    0,    0],
 [   1,   35,    0,    0,    1,    0,    0,    0,    0,    1,  449],
 [   0,    1,    0,    0,    0,    0,    0,    0,    0,    1,    3],
 [   0,    0,    0,    0,    0,    0,    0,    0,    0,    0,    1],
 [   0,    3,    0,    0,    0,    0,    0,    0,    0,    0,   12],
 [   0,    0,    0,    0,    0,    0,    0,    0,    0,    0,    1],
 [   0,  145,    0,    0,    0,    0,    0,    0,    0,   36,    0],
 [  77,  140,    0,    0,    0,    0,    0,    0,    0,    0, 1419]]

Final Brier score:  [0.023588461148033608]
Final Accuracy score:  [0.8051878354203935]
