Starting time: 03.07.21-15.37

Fold: 0
Hyperopt trials
tid,loss,learning_rate,n_modules,batch_size,time,n_epochs,n_params,perf_time
0,0.010054,0.001956,1,7,61.322,159,6266,61.317128
1,0.010073,0.002982,1,7,36.199,84,6266,36.193988
2,0.010175,0.001947,3,7,164.352,55,72506,164.336611
3,0.010106,0.006114,3,7,159.319,59,72506,159.299461
4,0.010407,0.000115,3,8,454.316,200,72506,453.824452
5,0.011047,0.000123,2,8,208.058,200,30170,208.049747
6,0.010172,0.000565,3,8,205.059,98,72506,205.043786
7,0.010075,0.002915,2,7,99.812,77,30170,99.802106
8,0.027604,0.000018,2,7,225.424,200,30170,225.416686
9,0.010131,0.000737,1,8,74.432,200,6266,74.213202
10,0.033128,0.000042,1,8,75.684,200,6266,75.189144
11,0.014176,0.000154,1,8,69.183,200,6266,69.172289
12,0.010034,0.002091,3,8,131.659,68,72506,131.650879
13,0.010068,0.000667,2,7,161.684,160,30170,161.676194
14,0.010077,0.000811,2,7,177.285,147,30170,177.216732
15,0.010087,0.005359,1,7,30.803,54,6266,30.790408
16,0.010122,0.002515,2,8,93.56,88,30170,93.544278
17,0.010114,0.000762,3,7,276.968,125,72506,276.491390
18,0.011914,0.000188,1,8,84.409,200,6266,84.400489
19,0.010154,0.000187,3,7,331.886,147,72506,331.583632

Best parameters:{'batch_size': 10, 'embedding_size': 14, 'input_length': 24, 'learning_rate': 0.002091242548380724, 'model_type': 'ACT', 'n_classes': 26, 'n_modules': 3, 'vocab_size': 27}

Model parameters: 72506
Best Time taken: 131.650879
Brier score: 0.009862
Accuracy: 0.838723[[438,   0,   1,  16,   0,   0,   0,   0,   0,   0,   0,   0,   0,   0,
    0,   0,   0,   0,   0,   0,   0,   0,   0,   0,   0],
 [  0,   0,   0,   1,  15,   3,   0,   0,   0,   0,   0,   0,   0,   0,
    0,   0,   0,   0,   0,   0,   0,   0,   0,   0,   0],
 [ 87,   0, 298,   4,  54,  35,   0,   0,   0,   0,   0,   0,   0,   0,
    0,   0,   0,   0,   0,   0,   0,   0,   0,   0,   0],
 [  4,   0,   0, 417,   6,   8,   0,   0,   0,   0,   0,   0,   0,   0,
    0,   0,   0,   0,   0,   0,   0,   0,   0,   0,   0],
 [  0,   0,   1,  15, 409,   1,   0,   0,   0,   0,   0,   0,   0,   0,
    0,   0,   0,   0,   0,   0,   0,   0,   0,   0,   0],
 [  0,   0,   1,   7,   0, 435,   0,   0,   0,   0,   0,   0,   0,   0,
    0,   0,   0,   0,   0,   0,   0,   0,   0,   0,   0],
 [  1,   0,   0,   0,   0,   6,   0,   0,   0,   0,   0,   0,   0,   0,
    0,   0,   0,   0,   0,   0,   0,   0,   0,   0,   0],
 [  1,   0,   0,   6,   0,   3,   0,   0,   0,   0,   0,   0,   0,   0,
    0,   0,   0,   0,   0,   0,   0,   0,   0,   0,   0],
 [  0,   0,   0,   4,   0,   1,   0,   0,   0,   0,   0,   0,   0,   0,
    0,   0,   0,   0,   0,   0,   0,   0,   0,   0,   0],
 [  0,   0,   1,   5,   0,   0,   0,   0,   0,   0,   0,   0,   0,   0,
    0,   0,   0,   0,   0,   0,   0,   0,   0,   0,   0],
 [  1,   0,   1,   1,   2,   5,   0,   0,   0,   0,   0,   0,   0,   0,
    0,   0,   0,   0,   0,   0,   0,   0,   0,   0,   0],
 [  1,   0,   2,   9,   0,   2,   0,   0,   0,   0,   0,   0,   0,   0,
    0,   0,   0,   0,   0,   0,   0,   0,   0,   0,   0],
 [  0,   0,   1,   7,   3,   0,   0,   0,   0,   0,   0,   0,   0,   0,
    0,   0,   0,   0,   0,   0,   0,   0,   0,   0,   0],
 [  0,   0,   1,   6,   5,   0,   0,   0,   0,   0,   0,   0,   0,   0,
    0,   0,   0,   0,   0,   0,   0,   0,   0,   0,   0],
 [  0,   0,   2,  12,   0,   0,   0,   0,   0,   0,   0,   0,   0,   0,
    0,   0,   0,   0,   0,   0,   0,   0,   0,   0,   0],
 [  0,   0,   2,   4,   0,   1,   0,   0,   0,   0,   0,   0,   0,   0,
    0,   0,   0,   0,   0,   0,   0,   0,   0,   0,   0],
 [  1,   0,   1,   1,   0,   0,   0,   0,   0,   0,   0,   0,   0,   0,
    0,   0,   0,   0,   0,   0,   0,   0,   0,   0,   0],
 [  0,   0,   0,   8,   0,   0,   0,   0,   0,   0,   0,   0,   0,   0,
    0,   0,   0,   0,   0,   0,   0,   0,   0,   0,   0],
 [  0,   0,   1,   0,   0,   0,   0,   0,   0,   0,   0,   0,   0,   0,
    0,   0,   0,   0,   0,   0,   0,   0,   0,   0,   0],
 [  0,   0,   0,   2,   0,   0,   0,   0,   0,   0,   0,   0,   0,   0,
    0,   0,   0,   0,   0,   0,   0,   0,   0,   0,   0],
 [  0,   0,   1,   1,   0,   0,   0,   0,   0,   0,   0,   0,   0,   0,
    0,   0,   0,   0,   0,   0,   0,   0,   0,   0,   0],
 [  0,   0,   3,   4,   0,   0,   0,   0,   0,   0,   0,   0,   0,   0,
    0,   0,   0,   0,   0,   0,   0,   0,   0,   0,   0],
 [  0,   0,   0,   1,   0,   0,   0,   0,   0,   0,   0,   0,   0,   0,
    0,   0,   0,   0,   0,   0,   0,   0,   0,   0,   0],
 [  0,   0,   1,   0,   1,   0,   0,   0,   0,   0,   0,   0,   0,   0,
    0,   0,   0,   0,   0,   0,   0,   0,   0,   0,   0],
 [  0,   0,   0,   3,   0,   0,   0,   0,   0,   0,   0,   0,   0,   0,
    0,   0,   0,   0,   0,   0,   0,   0,   0,   0,   0]]
Fold: 1
Hyperopt trials
tid,loss,learning_rate,n_modules,batch_size,time,n_epochs,n_params,perf_time
0,0.027395,0.000035,2,8,213.256,200,30170,213.247751
1,0.035371,0.000012,2,8,222.148,200,30170,221.908409
2,0.009413,0.002442,3,7,276.688,115,72506,276.681282
3,0.030047,0.000057,1,8,80.548,200,6266,80.539187
4,0.009723,0.000151,3,8,420.164,200,72506,420.037786
5,0.009387,0.008614,2,7,118.543,81,30170,118.386248
6,0.009424,0.000541,2,7,194.786,137,30170,194.401382
7,0.009460,0.006658,3,7,116.666,40,72506,116.486495
8,0.009470,0.002279,1,8,84.58,172,6266,84.577475
9,0.009458,0.002351,2,7,82.657,63,30170,82.243064
10,0.025117,0.000078,1,8,78.666,200,6266,78.651367
11,0.009508,0.000670,3,7,272.309,112,72506,271.963668
12,0.027816,0.000031,2,8,233.355,200,30170,233.344464
13,0.009444,0.002581,2,8,128.214,128,30170,128.064438
14,0.009608,0.000610,1,8,79.18,200,6266,79.176542
15,0.009479,0.003651,1,7,44.946,64,6266,44.937883
16,0.009426,0.002321,1,7,60.847,118,6266,60.681730
17,0.009824,0.000252,1,7,94.392,200,6266,94.336908
18,0.011995,0.000030,3,7,536.623,200,72506,536.133262
19,0.009442,0.000293,3,7,502.382,200,72506,502.122399

Best parameters:{'batch_size': 9, 'embedding_size': 14, 'input_length': 24, 'learning_rate': 0.00861426627014111, 'model_type': 'ACT', 'n_classes': 26, 'n_modules': 2, 'vocab_size': 27}

Model parameters: 30170
Best Time taken: 118.386248
Brier score: 0.010337
Accuracy: 0.826123[[453,   0,   2,  25,   4,   0,   0,   0,   0,   0,   0,   0,   0,   0,
    0,   0,   0,   0,   0,   0,   0,   0,   0,   0],
 [  0,   0,   0,   1,  13,   2,   0,   0,   0,   0,   0,   0,   0,   0,
    0,   0,   0,   0,   0,   0,   0,   0,   0,   0],
 [ 90,   0, 305,   3,  62,  34,   0,   0,   0,   0,   0,   0,   0,   0,
    0,   0,   0,   0,   0,   0,   0,   0,   0,   0],
 [  0,   0,   1, 393,  14,   9,   0,   0,   0,   0,   0,   0,   0,   0,
    0,   0,   0,   0,   0,   0,   0,   0,   0,   0],
 [  0,   0,   2,  12, 406,   0,   0,   0,   0,   0,   0,   0,   0,   0,
    0,   0,   0,   0,   0,   0,   0,   0,   0,   0],
 [  0,   0,   0,   7,   0, 410,   0,   0,   0,   0,   0,   0,   0,   0,
    0,   0,   0,   0,   0,   0,   0,   0,   0,   0],
 [  0,   0,   0,   0,   4,   0,   0,   0,   0,   0,   0,   0,   0,   0,
    0,   0,   0,   0,   0,   0,   0,   0,   0,   0],
 [  0,   0,   0,   0,   7,   2,   0,   0,   0,   0,   0,   0,   0,   0,
    0,   0,   0,   0,   0,   0,   0,   0,   0,   0],
 [  0,   0,   0,   0,   4,   1,   0,   0,   0,   0,   0,   0,   0,   0,
    0,   0,   0,   0,   0,   0,   0,   0,   0,   0],
 [  0,   0,   0,   0,   8,   1,   0,   0,   0,   0,   0,   0,   0,   0,
    0,   0,   0,   0,   0,   0,   0,   0,   0,   0],
 [  4,   0,   0,   0,  11,   0,   0,   0,   0,   0,   0,   0,   0,   0,
    0,   0,   0,   0,   0,   0,   0,   0,   0,   0],
 [  3,   0,   0,   0,  12,   0,   0,   0,   0,   0,   0,   0,   0,   0,
    0,   0,   0,   0,   0,   0,   0,   0,   0,   0],
 [  1,   0,   0,   0,   9,   1,   0,   0,   0,   0,   0,   0,   0,   0,
    0,   0,   0,   0,   0,   0,   0,   0,   0,   0],
 [  1,   0,   0,   0,  11,   1,   0,   0,   0,   0,   0,   0,   0,   0,
    0,   0,   0,   0,   0,   0,   0,   0,   0,   0],
 [  0,   0,   1,  12,   1,   0,   0,   0,   0,   0,   0,   0,   0,   0,
    0,   0,   0,   0,   0,   0,   0,   0,   0,   0],
 [  0,   0,   2,   2,   0,   0,   0,   0,   0,   0,   0,   0,   0,   0,
    0,   0,   0,   0,   0,   0,   0,   0,   0,   0],
 [  0,   0,   1,   0,   0,   0,   0,   0,   0,   0,   0,   0,   0,   0,
    0,   0,   0,   0,   0,   0,   0,   0,   0,   0],
 [  0,   0,   0,  11,   0,   0,   0,   0,   0,   0,   0,   0,   0,   0,
    0,   0,   0,   0,   0,   0,   0,   0,   0,   0],
 [  0,   0,   0,   0,   1,   0,   0,   0,   0,   0,   0,   0,   0,   0,
    0,   0,   0,   0,   0,   0,   0,   0,   0,   0],
 [  0,   0,   1,   2,   0,   0,   0,   0,   0,   0,   0,   0,   0,   0,
    0,   0,   0,   0,   0,   0,   0,   0,   0,   0],
 [  0,   0,   4,   6,   2,   0,   0,   0,   0,   0,   0,   0,   0,   0,
    0,   0,   0,   0,   0,   0,   0,   0,   0,   0],
 [  1,   0,   0,   0,   0,   0,   0,   0,   0,   0,   0,   0,   0,   0,
    0,   0,   0,   0,   0,   0,   0,   0,   0,   0],
 [  0,   0,   1,   0,   3,   0,   0,   0,   0,   0,   0,   0,   0,   0,
    0,   0,   0,   0,   0,   0,   0,   0,   0,   0],
 [  0,   0,   0,   0,   1,   0,   0,   0,   0,   0,   0,   0,   0,   0,
    0,   0,   0,   0,   0,   0,   0,   0,   0,   0]]
Fold: 2
Hyperopt trials
tid,loss,learning_rate,n_modules,batch_size,time,n_epochs,n_params,perf_time
0,0.010665,0.004214,1,7,70.275,101,6266,70.264102
1,0.011335,0.000045,3,7,397.702,200,72506,397.690739
2,0.010809,0.000121,3,7,486.75,200,72506,486.743984
3,0.014602,0.000038,2,7,289.891,200,30170,289.879389
4,0.010717,0.005388,3,8,148.931,62,72506,148.924308
5,0.020623,0.000028,3,8,470.934,200,72506,470.927709
6,0.032100,0.000046,1,8,68.174,200,6266,67.747711
7,0.031424,0.000012,2,7,271.805,200,30170,271.301009
8,0.010610,0.001090,1,7,87.064,120,6266,87.047554
9,0.010627,0.003553,3,8,214.741,84,72506,214.731398
10,0.030548,0.000015,3,8,468.527,200,72506,468.522506
11,0.010634,0.007421,1,7,48.487,46,6266,48.477608
12,0.010536,0.008760,2,8,160.007,115,30170,159.687328
13,0.011321,0.000129,2,8,260.074,200,30170,259.642979
14,0.010638,0.000214,2,7,275.632,200,30170,275.628754
15,0.014174,0.000035,2,7,298.871,200,30170,298.861937
16,0.010677,0.005138,1,8,60.373,87,6266,60.367760
17,0.010515,0.003611,2,7,122.554,64,30170,122.545432
18,0.011264,0.000180,1,7,149.528,200,6266,149.522429
19,0.029313,0.000030,1,7,151.906,200,6266,151.885420

Best parameters:{'batch_size': 9, 'embedding_size': 14, 'input_length': 24, 'learning_rate': 0.003611237939909059, 'model_type': 'ACT', 'n_classes': 26, 'n_modules': 2, 'vocab_size': 27}

Model parameters: 30170
Best Time taken: 122.545432
Brier score: 0.009837
Accuracy: 0.835783[[445,   0,   1,  16,   0,   0,   0,   0,   0,   0,   0,   0,   0,   0,
    0,   0,   0,   0,   0,   0,   0,   0,   0,   0,   0],
 [  1,   0,   0,   0,  11,   1,   0,   0,   0,   0,   0,   0,   0,   0,
    0,   0,   0,   0,   0,   0,   0,   0,   0,   0,   0],
 [ 82,   0, 305,   1,  56,  38,   0,   0,   0,   0,   0,   0,   0,   0,
    0,   0,   0,   0,   0,   0,   0,   0,   0,   0,   0],
 [  6,   0,   1, 391,   1,   8,   0,   0,   0,   0,   0,   0,   0,   0,
    0,   0,   0,   0,   0,   0,   0,   0,   0,   0,   0],
 [  0,   0,   1,  14, 414,   0,   0,   0,   0,   0,   0,   0,   0,   0,
    0,   0,   0,   0,   0,   0,   0,   0,   0,   0,   0],
 [  0,   0,   0,   6,   0, 435,   0,   0,   0,   0,   0,   0,   0,   0,
    0,   0,   0,   0,   0,   0,   0,   0,   0,   0,   0],
 [  8,   0,   0,   0,   0,   1,   0,   0,   0,   0,   0,   0,   0,   0,
    0,   0,   0,   0,   0,   0,   0,   0,   0,   0,   0],
 [  5,   0,   3,   2,   1,   2,   0,   0,   0,   0,   0,   0,   0,   0,
    0,   0,   0,   0,   0,   0,   0,   0,   0,   0,   0],
 [  3,   0,   1,   1,   0,   1,   0,   0,   0,   0,   0,   0,   0,   0,
    0,   0,   0,   0,   0,   0,   0,   0,   0,   0,   0],
 [  3,   0,   0,   4,   0,   1,   0,   0,   0,   0,   0,   0,   0,   0,
    0,   0,   0,   0,   0,   0,   0,   0,   0,   0,   0],
 [  9,   0,   2,   1,   0,   0,   0,   0,   0,   0,   0,   0,   0,   0,
    0,   0,   0,   0,   0,   0,   0,   0,   0,   0,   0],
 [  8,   0,   1,   3,   0,   0,   0,   0,   0,   0,   0,   0,   0,   0,
    0,   0,   0,   0,   0,   0,   0,   0,   0,   0,   0],
 [  9,   0,   5,   1,   0,   0,   0,   0,   0,   0,   0,   0,   0,   0,
    0,   0,   0,   0,   0,   0,   0,   0,   0,   0,   0],
 [ 10,   0,   3,   2,   0,   0,   0,   0,   0,   0,   0,   0,   0,   0,
    0,   0,   0,   0,   0,   0,   0,   0,   0,   0,   0],
 [  2,   0,   2,  11,   1,   0,   0,   0,   0,   0,   0,   0,   0,   0,
    0,   0,   0,   0,   0,   0,   0,   0,   0,   0,   0],
 [  1,   0,   1,   2,   0,   0,   0,   0,   0,   0,   0,   0,   0,   0,
    0,   0,   0,   0,   0,   0,   0,   0,   0,   0,   0],
 [  4,   0,   2,   0,   0,   1,   0,   0,   0,   0,   0,   0,   0,   0,
    0,   0,   0,   0,   0,   0,   0,   0,   0,   0,   0],
 [  0,   0,   0,  10,   0,   0,   0,   0,   0,   0,   0,   0,   0,   0,
    0,   0,   0,   0,   0,   0,   0,   0,   0,   0,   0],
 [  0,   0,   1,   0,   0,   0,   0,   0,   0,   0,   0,   0,   0,   0,
    0,   0,   0,   0,   0,   0,   0,   0,   0,   0,   0],
 [  0,   0,   1,   1,   0,   0,   0,   0,   0,   0,   0,   0,   0,   0,
    0,   0,   0,   0,   0,   0,   0,   0,   0,   0,   0],
 [  0,   0,   1,   2,   0,   0,   0,   0,   0,   0,   0,   0,   0,   0,
    0,   0,   0,   0,   0,   0,   0,   0,   0,   0,   0],
 [  0,   0,   4,   5,   1,   0,   0,   0,   0,   0,   0,   0,   0,   0,
    0,   0,   0,   0,   0,   0,   0,   0,   0,   0,   0],
 [  0,   0,   0,   1,   0,   0,   0,   0,   0,   0,   0,   0,   0,   0,
    0,   0,   0,   0,   0,   0,   0,   0,   0,   0,   0],
 [  2,   0,   0,   0,   0,   0,   0,   0,   0,   0,   0,   0,   0,   0,
    0,   0,   0,   0,   0,   0,   0,   0,   0,   0,   0],
 [  1,   0,   0,   0,   0,   0,   0,   0,   0,   0,   0,   0,   0,   0,
    0,   0,   0,   0,   0,   0,   0,   0,   0,   0,   0]]

Final Brier score:  [0.009862412367255135, 0.010336691404149693, 0.009837082945082757]
Final Accuracy score:  [0.8387232255354893, 0.8261234775304493, 0.8357832843343133]
