Starting time: 28.04.21-19.20

Fold: 0
Hyperopt trials
tid,loss,learning_rate,n_modules,batch_size,time,n_epochs,n_params,perf_time
0,0.010119,0.001956,1,7,17.067,79,6266,17.065525

Best parameters:{'batch_size': 9, 'embedding_size': 14, 'input_length': 24, 'learning_rate': 0.001956433080955889, 'model_type': 'ACT', 'n_classes': 26, 'n_modules': 1, 'vocab_size': 27}

Model parameters: 6266
Best Time taken: 17.065525
Brier score: 0.009979
Accuracy: 0.836623[[  0,   0,   0,   0,  15,   1,   0,   3,   0,   0,   0,   0,   0,   0,
    0,   0,   0,   0,   0,   0,   0,   0,   0,   0,   0],
 [  0,   0,   0,   0,   4,   0,   0,   1,   0,   0,   1,   0,   0,   0,
    6,   0,   0,   0,   0,   0,   0,   0,   0,   0,   0],
 [  0,   0,   0,   0,   1,   0,   0,   0,   0,   0,   1,   0,   0,   0,
    0,   0,   0,   0,   0,   0,   0,   0,   0,   0,   0],
 [  0,   0,   0,   0,   5,   0,   0,   4,   0,   0,   1,   0,   0,   0,
    0,   0,   0,   0,   0,   0,   0,   0,   0,   0,   0],
 [  0,   0,   0,   0, 409,  15,   0,   2,   0,   0,   0,   0,   0,   0,
    0,   0,   0,   0,   0,   0,   0,   0,   0,   0,   0],
 [  0,   0,   0,   0,   6, 417,   0,   8,   0,   0,   4,   0,   0,   0,
    0,   0,   0,   0,   0,   0,   0,   0,   0,   0,   0],
 [  0,   0,   0,   0,   1,   0,   0,   6,   0,   0,   3,   0,   0,   0,
    0,   0,   0,   0,   0,   0,   0,   0,   0,   0,   0],
 [  0,   0,   0,   0,   1,   8,   0, 433,   0,   0,   0,   0,   0,   0,
    1,   0,   0,   0,   0,   0,   0,   0,   0,   0,   0],
 [  0,   0,   0,   0,   0,   1,   0,   2,   0,   0,   0,   0,   0,   0,
    0,   0,   0,   0,   0,   0,   0,   0,   0,   0,   0],
 [  0,   0,   0,   0,   0,   0,   0,   0,   0,   0,   1,   0,   0,   0,
    2,   0,   0,   0,   0,   0,   0,   0,   0,   0,   0],
 [  0,   0,   0,   0,   1,  16,   0,   2,   0,   0, 435,   0,   0,   0,
    1,   0,   0,   0,   0,   0,   0,   0,   0,   0,   0],
 [  0,   0,   0,   0,   0,   4,   0,   1,   0,   0,   0,   0,   0,   0,
    2,   0,   0,   0,   0,   0,   0,   0,   0,   0,   0],
 [  0,   0,   0,   0,   0,   3,   0,   3,   0,   0,   4,   0,   0,   0,
    4,   0,   0,   0,   0,   0,   0,   0,   0,   0,   0],
 [  0,   0,   0,   0,   0,   3,   0,   0,   0,   0,   0,   0,   0,   0,
    4,   0,   0,   0,   0,   0,   0,   0,   0,   0,   0],
 [  0,   0,   0,   0,  54,   3,   0,  35,   0,   0,  88,   0,   0,   0,
  298,   0,   0,   0,   0,   0,   0,   0,   0,   0,   0],
 [  0,   0,   0,   0,   3,   1,   0,   0,   0,   0,   0,   0,   0,   0,
    2,   0,   0,   0,   0,   0,   0,   0,   0,   0,   0],
 [  0,   0,   0,   0,   0,   1,   0,   0,   0,   0,   0,   0,   0,   0,
    1,   0,   0,   0,   0,   0,   0,   0,   0,   0,   0],
 [  0,   0,   0,   0,   0,   0,   0,   0,   0,   0,   0,   0,   0,   0,
    1,   0,   0,   0,   0,   0,   0,   0,   0,   0,   0],
 [  0,   0,   0,   0,   0,   0,   0,   3,   0,   0,   2,   0,   0,   0,
    0,   0,   0,   0,   0,   0,   0,   0,   0,   0,   0],
 [  0,   0,   0,   0,   0,   0,   0,   0,   0,   0,   0,   0,   0,   0,
    1,   0,   0,   0,   0,   0,   0,   0,   0,   0,   0],
 [  0,   0,   0,   0,   0,   1,   0,   5,   0,   0,   1,   0,   0,   0,
    0,   0,   0,   0,   0,   0,   0,   0,   0,   0,   0],
 [  0,   0,   0,   0,   0,  12,   0,   0,   0,   0,   0,   0,   0,   0,
    2,   0,   0,   0,   0,   0,   0,   0,   0,   0,   0],
 [  0,   0,   0,   0,   2,   1,   0,   1,   0,   0,   0,   0,   0,   0,
    7,   0,   0,   0,   0,   0,   0,   0,   0,   0,   0],
 [  0,   0,   0,   0,   0,   2,   0,   0,   0,   0,   0,   0,   0,   0,
    0,   0,   0,   0,   0,   0,   0,   0,   0,   0,   0],
 [  0,   0,   0,   0,   0,   8,   0,   0,   0,   0,   0,   0,   0,   0,
    0,   0,   0,   0,   0,   0,   0,   0,   0,   0,   0]]

Final Brier score:  [0.009978836994581776]
Final Accuracy score:  [0.8366232675346493]
