Starting time: 02.07.21-16.35

Fold: 0
Hyperopt trials
tid,loss,learning_rate,n_modules,batch_size,time,n_epochs,n_params,perf_time
0,0.023374,0.001956,1,7,35.029,59,3095,35.026257

Best parameters:{'batch_size': 9, 'embedding_size': 7, 'input_length': 14, 'learning_rate': 0.001956433080955889, 'model_type': 'ACT', 'n_classes': 13, 'n_modules': 1, 'vocab_size': 14}

Model parameters: 3095
Best Time taken: 35.026257
Brier score: 0.023514
Accuracy: 0.806619[[  36,  145,    0,    0,    0,    0,    0,    0,    0,    0,    0],
 [   2, 1518,  115,   58,    0,    0,    0,    0,    0,    0,    0],
 [   0,  132, 1427,   77,    0,    0,    0,    0,    0,    0,    0],
 [   0,    0,    1, 1528,    0,    0,    0,    0,    0,    0,    0],
 [   1,   36,  450,    0,    0,    0,    0,    0,    0,    0,    0],
 [   0,    3,   12,    0,    0,    0,    0,    0,    0,    0,    0],
 [   0,    3,   37,    1,    0,    0,    0,    0,    0,    0,    0],
 [   0,    0,    1,    0,    0,    0,    0,    0,    0,    0,    0],
 [   0,    2,    3,    0,    0,    0,    0,    0,    0,    0,    0],
 [   0,    0,    1,    0,    0,    0,    0,    0,    0,    0,    0],
 [   0,    0,    0,    1,    0,    0,    0,    0,    0,    0,    0]]

Final Brier score:  [0.023514283411764574]
Final Accuracy score:  [0.806618962432916]
